<?xml version="1.0" encoding="UTF-8"?>
<testsuite name="edu.uoc.pac2.BookTest" tests="14" skipped="0" failures="0" errors="0" timestamp="2023-10-25T11:57:24" hostname="AIVOMUSIC" time="0.033">
  <properties/>
  <testcase name="testApplyDiscount()" classname="edu.uoc.pac2.BookTest" time="0.02"/>
  <testcase name="Sanity - Methods definition" classname="edu.uoc.pac2.BookTest" time="0.002"/>
  <testcase name="testIsCheaperThan()" classname="edu.uoc.pac2.BookTest" time="0.001"/>
  <testcase name="testIsWrittenBy()" classname="edu.uoc.pac2.BookTest" time="0.0"/>
  <testcase name="testSetLanguage()" classname="edu.uoc.pac2.BookTest" time="0.0"/>
  <testcase name="testSetPublisher()" classname="edu.uoc.pac2.BookTest" time="0.001"/>
  <testcase name="testSetAuthor()" classname="edu.uoc.pac2.BookTest" time="0.001"/>
  <testcase name="testSetReleaseDate()" classname="edu.uoc.pac2.BookTest" time="0.0"/>
  <testcase name="testIsClassic()" classname="edu.uoc.pac2.BookTest" time="0.0"/>
  <testcase name="Sanity - Fields definition" classname="edu.uoc.pac2.BookTest" time="0.001"/>
  <testcase name="testSetIsbn()" classname="edu.uoc.pac2.BookTest" time="0.0"/>
  <testcase name="testSetGenre()" classname="edu.uoc.pac2.BookTest" time="0.0"/>
  <testcase name="testSetPrice()" classname="edu.uoc.pac2.BookTest" time="0.001"/>
  <testcase name="testSetTitle()" classname="edu.uoc.pac2.BookTest" time="0.001"/>
  <system-out><![CDATA[]]></system-out>
  <system-err><![CDATA[]]></system-err>
</testsuite>
