<?xml version="1.0" encoding="UTF-8"?>
<testsuite name="edu.uoc.pac2.BookTest" tests="14" skipped="0" failures="0" errors="0" timestamp="2023-10-24T17:13:17" hostname="Arnaus-MacBook-Pro.local" time="0.067">
  <properties/>
  <testcase name="testApplyDiscount()" classname="edu.uoc.pac2.BookTest" time="0.039"/>
  <testcase name="Sanity - Methods definition" classname="edu.uoc.pac2.BookTest" time="0.003"/>
  <testcase name="testIsCheaperThan()" classname="edu.uoc.pac2.BookTest" time="0.002"/>
  <testcase name="testIsWrittenBy()" classname="edu.uoc.pac2.BookTest" time="0.001"/>
  <testcase name="testSetLanguage()" classname="edu.uoc.pac2.BookTest" time="0.001"/>
  <testcase name="testSetPublisher()" classname="edu.uoc.pac2.BookTest" time="0.002"/>
  <testcase name="testSetAuthor()" classname="edu.uoc.pac2.BookTest" time="0.001"/>
  <testcase name="testSetReleaseDate()" classname="edu.uoc.pac2.BookTest" time="0.001"/>
  <testcase name="testIsClassic()" classname="edu.uoc.pac2.BookTest" time="0.002"/>
  <testcase name="Sanity - Fields definition" classname="edu.uoc.pac2.BookTest" time="0.001"/>
  <testcase name="testSetIsbn()" classname="edu.uoc.pac2.BookTest" time="0.001"/>
  <testcase name="testSetGenre()" classname="edu.uoc.pac2.BookTest" time="0.001"/>
  <testcase name="testSetPrice()" classname="edu.uoc.pac2.BookTest" time="0.001"/>
  <testcase name="testSetTitle()" classname="edu.uoc.pac2.BookTest" time="0.002"/>
  <system-out><![CDATA[]]></system-out>
  <system-err><![CDATA[]]></system-err>
</testsuite>
